2016/04/27 16:01:22	::1             	ERR	                                                            	数据库连接失败！ error information : Communication error: 无法从传输连接中读取数据: 由于连接方在一段时间后没有正确答复或连接的主机没有反应，连接尝试失败。。
   在 InterSystems.Data.CacheClient.CacheADOConnection.Open()
   在 InterSystems.Data.CacheClient.CacheConnection.Open(Boolean useCache)
   在 InterSystems.Data.CacheClient.CacheConnection.Open()
   在 MSRestful.CommonLibrary.DataConnection.Connect() 位置 e:\Program\task\MSRestful\MSRestful\CommonLibrary\DataConnection.cs:行号 47
2016/04/27 16:01:22	::1             	ERR	DeliverInfoMethod.GetPatientsInfo                           	数据库操作异常！ error information : Communication error: 无法从传输连接中读取数据: 由于连接方在一段时间后没有正确答复或连接的主机没有反应，连接尝试失败。。
   在 MSRestful.CommonLibrary.DataConnection.Connect() 位置 e:\Program\task\MSRestful\MSRestful\CommonLibrary\DataConnection.cs:行号 53
   在 MSRestful.DataMethod.DeliverInfoMethod.CmPDAInfoGetPatientsInfo(DataConnection pclsCache, String PatientId, Int32 Gender, String PatientName, String BloodType) 位置 e:\Program\task\MSRestful\MSRestful\DataMethod\DeliverInfoMethod.cs:行号 30
2016/04/27 16:02:24	::1             	ERR	                                                            	数据库连接失败！ error information : Communication error: 无法从传输连接中读取数据: 由于连接方在一段时间后没有正确答复或连接的主机没有反应，连接尝试失败。。
   在 InterSystems.Data.CacheClient.CacheADOConnection.Open()
   在 InterSystems.Data.CacheClient.CacheConnection.Open(Boolean useCache)
   在 InterSystems.Data.CacheClient.CacheConnection.Open()
   在 MSRestful.CommonLibrary.DataConnection.Connect() 位置 e:\Program\task\MSRestful\MSRestful\CommonLibrary\DataConnection.cs:行号 47
2016/04/27 16:02:24	::1             	ERR	DeliverInfoMethod.GetPatientsInfo                           	数据库操作异常！ error information : Communication error: 无法从传输连接中读取数据: 由于连接方在一段时间后没有正确答复或连接的主机没有反应，连接尝试失败。。
   在 MSRestful.CommonLibrary.DataConnection.Connect() 位置 e:\Program\task\MSRestful\MSRestful\CommonLibrary\DataConnection.cs:行号 53
   在 MSRestful.DataMethod.DeliverInfoMethod.CmPDAInfoGetPatientsInfo(DataConnection pclsCache, String PatientId, Int32 Gender, String PatientName, String BloodType) 位置 e:\Program\task\MSRestful\MSRestful\DataMethod\DeliverInfoMethod.cs:行号 30
2016/04/27 16:08:08	::1             	ERR	DeliverInfoMethod.GetPatientsInfo                           	数据库操作异常！ error information : Cursor out of range
   在 InterSystems.Data.CacheClient.CacheDataReader.checkAndPosition(Int32 i)
   在 InterSystems.Data.CacheClient.CacheDataReader.GetValue(Int32 i)
   在 InterSystems.Data.CacheClient.CacheDataReader.get_Item(String value)
   在 MSRestful.DataMethod.DeliverInfoMethod.CmPDAInfoGetPatientsInfo(DataConnection pclsCache, String PatientId, Int32 Gender, String PatientName, String BloodType) 位置 e:\Program\task\MSRestful\MSRestful\DataMethod\DeliverInfoMethod.cs:行号 43
2016/04/27 16:31:12	::1             	ERR	DeliverInfoMethod.GetPatientsInfo                           	数据库操作异常！ error information : 对象不能从 DBNull 转换为其他类型。
   在 System.DBNull.System.IConvertible.ToInt32(IFormatProvider provider)
   在 System.Convert.ToInt32(Object value)
   在 MSRestful.DataMethod.DeliverInfoMethod.CmPDAInfoGetPatientsInfo(DataConnection pclsCache, String PatientId, Int32 Gender, String PatientName, String BloodType) 位置 e:\Program\task\MSRestful\MSRestful\DataMethod\DeliverInfoMethod.cs:行号 48
2016/04/27 16:31:15	::1             	ERR	DeliverInfoMethod.GetPatientsInfo                           	数据库操作异常！ error information : 对象不能从 DBNull 转换为其他类型。
   在 System.DBNull.System.IConvertible.ToInt32(IFormatProvider provider)
   在 System.Convert.ToInt32(Object value)
   在 MSRestful.DataMethod.DeliverInfoMethod.CmPDAInfoGetPatientsInfo(DataConnection pclsCache, String PatientId, Int32 Gender, String PatientName, String BloodType) 位置 e:\Program\task\MSRestful\MSRestful\DataMethod\DeliverInfoMethod.cs:行号 48
2016/04/27 16:32:20	::1             	ERR	DeliverInfoMethod.GetPatientsInfo                           	数据库操作异常！ error information : 对象不能从 DBNull 转换为其他类型。
   在 System.DBNull.System.IConvertible.ToInt32(IFormatProvider provider)
   在 System.Convert.ToInt32(Object value)
   在 MSRestful.DataMethod.DeliverInfoMethod.CmPDAInfoGetPatientsInfo(DataConnection pclsCache, String PatientId, Int32 Gender, String PatientName, String BloodType) 位置 e:\Program\task\MSRestful\MSRestful\DataMethod\DeliverInfoMethod.cs:行号 48
2016/04/27 16:36:37	::1             	ERR	DeliverInfoMethod.GetPatientsInfo                           	数据库操作异常！ error information : 对象不能从 DBNull 转换为其他类型。
   在 System.DBNull.System.IConvertible.ToInt32(IFormatProvider provider)
   在 System.Convert.ToInt32(Object value)
   在 MSRestful.DataMethod.DeliverInfoMethod.CmPDAInfoGetPatientsInfo(DataConnection pclsCache, String PatientId, Int32 Gender, String PatientName, String BloodType) 位置 e:\Program\task\MSRestful\MSRestful\DataMethod\DeliverInfoMethod.cs:行号 43
2016/04/27 16:36:58	::1             	ERR	DeliverInfoMethod.GetPatientsInfo                           	数据库操作异常！ error information : 对象不能从 DBNull 转换为其他类型。
   在 System.DBNull.System.IConvertible.ToInt32(IFormatProvider provider)
   在 System.Convert.ToInt32(Object value)
   在 MSRestful.DataMethod.DeliverInfoMethod.CmPDAInfoGetPatientsInfo(DataConnection pclsCache, String PatientId, Int32 Gender, String PatientName, String BloodType) 位置 e:\Program\task\MSRestful\MSRestful\DataMethod\DeliverInfoMethod.cs:行号 43
2016/04/27 16:37:47	::1             	ERR	DeliverInfoMethod.GetPatientsInfo                           	数据库操作异常！ error information : 对象不能从 DBNull 转换为其他类型。
   在 System.DBNull.System.IConvertible.ToInt32(IFormatProvider provider)
   在 System.Convert.ToInt32(Object value)
   在 MSRestful.DataMethod.DeliverInfoMethod.CmPDAInfoGetPatientsInfo(DataConnection pclsCache, String PatientId, Int32 Gender, String PatientName, String BloodType) 位置 e:\Program\task\MSRestful\MSRestful\DataMethod\DeliverInfoMethod.cs:行号 43
2016/04/27 16:39:40	::1             	ERR	DeliverInfoMethod.GetPatientsInfo                           	数据库操作异常！ error information : 对象不能从 DBNull 转换为其他类型。
   在 System.DBNull.System.IConvertible.ToInt32(IFormatProvider provider)
   在 System.Convert.ToInt32(Object value)
   在 MSRestful.DataMethod.DeliverInfoMethod.CmPDAInfoGetPatientsInfo(DataConnection pclsCache, String PatientId, Int32 Gender, String PatientName, String BloodType) 位置 e:\Program\task\MSRestful\MSRestful\DataMethod\DeliverInfoMethod.cs:行号 43
2016/04/27 16:40:32	::1             	ERR	DeliverInfoMethod.GetPatientsInfo                           	数据库操作异常！ error information : 对象不能从 DBNull 转换为其他类型。
   在 System.DBNull.System.IConvertible.ToInt32(IFormatProvider provider)
   在 System.Convert.ToInt32(Object value)
   在 MSRestful.DataMethod.DeliverInfoMethod.CmPDAInfoGetPatientsInfo(DataConnection pclsCache, String PatientId, Int32 Gender, String PatientName, String BloodType) 位置 e:\Program\task\MSRestful\MSRestful\DataMethod\DeliverInfoMethod.cs:行号 43
2016/04/27 16:40:37	::1             	ERR	DeliverInfoMethod.GetPatientsInfo                           	数据库操作异常！ error information : 对象不能从 DBNull 转换为其他类型。
   在 System.DBNull.System.IConvertible.ToInt32(IFormatProvider provider)
   在 System.Convert.ToInt32(Object value)
   在 MSRestful.DataMethod.DeliverInfoMethod.CmPDAInfoGetPatientsInfo(DataConnection pclsCache, String PatientId, Int32 Gender, String PatientName, String BloodType) 位置 e:\Program\task\MSRestful\MSRestful\DataMethod\DeliverInfoMethod.cs:行号 43
2016/04/27 16:40:39	::1             	ERR	DeliverInfoMethod.GetPatientsInfo                           	数据库操作异常！ error information : 对象不能从 DBNull 转换为其他类型。
   在 System.DBNull.System.IConvertible.ToInt32(IFormatProvider provider)
   在 System.Convert.ToInt32(Object value)
   在 MSRestful.DataMethod.DeliverInfoMethod.CmPDAInfoGetPatientsInfo(DataConnection pclsCache, String PatientId, Int32 Gender, String PatientName, String BloodType) 位置 e:\Program\task\MSRestful\MSRestful\DataMethod\DeliverInfoMethod.cs:行号 43
2016/04/27 16:41:38	::1             	ERR	DeliverInfoMethod.GetPatientsInfo                           	数据库操作异常！ error information : 对象不能从 DBNull 转换为其他类型。
   在 System.DBNull.System.IConvertible.ToInt32(IFormatProvider provider)
   在 System.Convert.ToInt32(Object value)
   在 MSRestful.DataMethod.DeliverInfoMethod.CmPDAInfoGetPatientsInfo(DataConnection pclsCache, String PatientId, Int32 Gender, String PatientName, String BloodType) 位置 e:\Program\task\MSRestful\MSRestful\DataMethod\DeliverInfoMethod.cs:行号 43
2016/04/27 16:42:27	::1             	ERR	DeliverInfoMethod.GetPatientsInfo                           	数据库操作异常！ error information : 对象不能从 DBNull 转换为其他类型。
   在 System.DBNull.System.IConvertible.ToInt32(IFormatProvider provider)
   在 System.Convert.ToInt32(Object value)
   在 MSRestful.DataMethod.DeliverInfoMethod.CmPDAInfoGetPatientsInfo(DataConnection pclsCache, String PatientId, Int32 Gender, String PatientName, String BloodType) 位置 e:\Program\task\MSRestful\MSRestful\DataMethod\DeliverInfoMethod.cs:行号 43
