2016/04/26 18:59:21	::1             	ERR	DeliverInfoMethod.GetDoctorsInfo                            	数据库操作异常！ error information : 引发类型为“System.OutOfMemoryException”的异常。
   在 System.Globalization.TextInfo.InternalChangeCaseString(IntPtr handle, IntPtr handleOrigin, String localeName, String str, Boolean isToUpper)
   在 System.Globalization.TextInfo.ToUpper(String str)
   在 System.String.ToUpper(CultureInfo culture)
   在 System.String.ToUpper()
   在 InterSystems.Data.CacheClient.CacheDataReader.GetOrdinal(String columnName)
   在 InterSystems.Data.CacheClient.CacheDataReader.get_Item(String value)
   在 MSRestful.DataMethod.DeliverInfoMethod.CmMstUserGetDoctorsInfo(DataConnection pclsCache, String DoctorId, String Affiliation, String Status, String DoctorName, String Position) 位置 e:\Program\task\MSRestful\MSRestful\DataMethod\DeliverInfoMethod.cs:行号 111
2016/04/26 19:19:58	::1             	ERR	DeliverInfoMethod.GetDoctorsInfo                            	数据库操作异常！ error information : 引发类型为“System.OutOfMemoryException”的异常。
   在 System.String.CreateStringFromEncoding(Byte* bytes, Int32 byteLength, Encoding encoding)
   在 System.Text.UnicodeEncoding.GetString(Byte[] bytes, Int32 index, Int32 count)
   在 InterSystems.Data.CacheClient.SysList.grabUnicode()
   在 InterSystems.Data.CacheClient.SysList.getString()
   在 InterSystems.Data.CacheClient.CacheDataReader.GetValue(Int32 i)
   在 InterSystems.Data.CacheClient.CacheDataReader.get_Item(String value)
   在 MSRestful.DataMethod.DeliverInfoMethod.CmMstUserGetDoctorsInfo(DataConnection pclsCache, String DoctorId, String Affiliation, String Status, String DoctorName, String Position) 位置 e:\Program\task\MSRestful\MSRestful\DataMethod\DeliverInfoMethod.cs:行号 111
2016/04/26 19:23:42	::1             	ERR	DeliverInfoMethod.GetDoctorsInfo                            	数据库操作异常！ error information : 引发类型为“System.OutOfMemoryException”的异常。
   在 System.Globalization.TextInfo.InternalChangeCaseString(IntPtr handle, IntPtr handleOrigin, String localeName, String str, Boolean isToUpper)
   在 System.Globalization.TextInfo.ToUpper(String str)
   在 System.String.ToUpper(CultureInfo culture)
   在 System.String.ToUpper()
   在 InterSystems.Data.CacheClient.CacheDataReader.GetOrdinal(String columnName)
   在 InterSystems.Data.CacheClient.CacheDataReader.get_Item(String value)
   在 MSRestful.DataMethod.DeliverInfoMethod.CmMstUserGetDoctorsInfo(DataConnection pclsCache, String DoctorId, String Affiliation, String Status, String DoctorName, String Position) 位置 e:\Program\task\MSRestful\MSRestful\DataMethod\DeliverInfoMethod.cs:行号 111
2016/04/26 19:32:24	::1             	ERR	DeliverInfoMethod.GetDoctorsInfo                            	数据库操作异常！ error information : 引发类型为“System.OutOfMemoryException”的异常。
   在 System.Globalization.TextInfo.InternalChangeCaseString(IntPtr handle, IntPtr handleOrigin, String localeName, String str, Boolean isToUpper)
   在 System.Globalization.TextInfo.ToUpper(String str)
   在 System.String.ToUpper(CultureInfo culture)
   在 System.String.ToUpper()
   在 InterSystems.Data.CacheClient.CacheDataReader.GetOrdinal(String columnName)
   在 InterSystems.Data.CacheClient.CacheDataReader.get_Item(String value)
   在 MSRestful.DataMethod.DeliverInfoMethod.CmMstUserGetDoctorsInfo(DataConnection pclsCache, String DoctorId, String Affiliation, String Status, String DoctorName, String Position) 位置 e:\Program\task\MSRestful\MSRestful\DataMethod\DeliverInfoMethod.cs:行号 111
2016/04/26 19:35:30	::1             	ERR	DeliverInfoMethod.GetDoctorsInfo                            	数据库操作异常！ error information : 引发类型为“System.OutOfMemoryException”的异常。
   在 System.Globalization.TextInfo.InternalChangeCaseString(IntPtr handle, IntPtr handleOrigin, String localeName, String str, Boolean isToUpper)
   在 System.Globalization.TextInfo.ToUpper(String str)
   在 System.String.ToUpper(CultureInfo culture)
   在 System.String.ToUpper()
   在 InterSystems.Data.CacheClient.CacheDataReader.GetOrdinal(String columnName)
   在 InterSystems.Data.CacheClient.CacheDataReader.get_Item(String value)
   在 MSRestful.DataMethod.DeliverInfoMethod.CmMstUserGetDoctorsInfo(DataConnection pclsCache, String DoctorId, String Affiliation, String Status, String DoctorName, String Position) 位置 e:\Program\task\MSRestful\MSRestful\DataMethod\DeliverInfoMethod.cs:行号 111
2016/04/26 20:06:30	::1             	ERR	DeliverInfoMethod.GetDoctorInfoDetail                       	数据库操作异常！ error information : 未将对象引用设置到对象的实例。
   在 MSRestful.DataMethod.DeliverInfoMethod.CmMstUserGetDoctorInfoDetail(DataConnection pclsCache, String DoctorId) 位置 e:\Program\task\MSRestful\MSRestful\DataMethod\DeliverInfoMethod.cs:行号 172
2016/04/26 20:08:05	::1             	ERR	DeliverInfoMethod.GetDoctorInfoDetail                       	数据库操作异常！ error information : 未将对象引用设置到对象的实例。
   在 MSRestful.DataMethod.DeliverInfoMethod.CmMstUserGetDoctorInfoDetail(DataConnection pclsCache, String DoctorId) 位置 e:\Program\task\MSRestful\MSRestful\DataMethod\DeliverInfoMethod.cs:行号 172
2016/04/26 20:55:17	::1             	ERR	DeliverInfoMethod.GetSurgeriesInfo                          	数据库操作异常！ error information : 输入字符串的格式不正确。
   在 System.Number.StringToNumber(String str, NumberStyles options, NumberBuffer& number, NumberFormatInfo info, Boolean parseDecimal)
   在 System.Number.ParseInt32(String s, NumberStyles style, NumberFormatInfo info)
   在 System.String.System.IConvertible.ToInt32(IFormatProvider provider)
   在 System.Convert.ToInt32(Object value)
   在 MSRestful.DataMethod.DeliverInfoMethod.OdTrnOrderingSurgeryGetSurgeriesInfo(DataConnection pclsCache, String SurgeryRoom1, String SurgeryRoom2, String SurgeryDateTime, String SurgeryDeptCode) 位置 e:\Program\task\MSRestful\MSRestful\DataMethod\DeliverInfoMethod.cs:行号 219
2016/04/26 20:56:22	::1             	ERR	DeliverInfoMethod.GetSurgeriesInfo                          	数据库操作异常！ error information : 输入字符串的格式不正确。
   在 System.Number.StringToNumber(String str, NumberStyles options, NumberBuffer& number, NumberFormatInfo info, Boolean parseDecimal)
   在 System.Number.ParseInt32(String s, NumberStyles style, NumberFormatInfo info)
   在 System.String.System.IConvertible.ToInt32(IFormatProvider provider)
   在 System.Convert.ToInt32(Object value)
   在 MSRestful.DataMethod.DeliverInfoMethod.OdTrnOrderingSurgeryGetSurgeriesInfo(DataConnection pclsCache, String SurgeryRoom1, String SurgeryRoom2, String SurgeryDateTime, String SurgeryDeptCode) 位置 e:\Program\task\MSRestful\MSRestful\DataMethod\DeliverInfoMethod.cs:行号 219
2016/04/26 20:59:54	::1             	ERR	DeliverInfoMethod.GetSurgeriesInfo                          	数据库操作异常！ error information : Cursor out of range
   在 InterSystems.Data.CacheClient.CacheDataReader.checkAndPosition(Int32 i)
   在 InterSystems.Data.CacheClient.CacheDataReader.GetValue(Int32 i)
   在 InterSystems.Data.CacheClient.CacheDataReader.get_Item(String value)
   在 MSRestful.DataMethod.DeliverInfoMethod.OdTrnOrderingSurgeryGetSurgeriesInfo(DataConnection pclsCache, String SurgeryRoom1, String SurgeryRoom2, String SurgeryDateTime, String SurgeryDeptCode) 位置 e:\Program\task\MSRestful\MSRestful\DataMethod\DeliverInfoMethod.cs:行号 220
2016/04/26 21:00:58	::1             	ERR	DeliverInfoMethod.GetSurgeriesInfo                          	数据库操作异常！ error information : Cursor out of range
   在 InterSystems.Data.CacheClient.CacheDataReader.checkAndPosition(Int32 i)
   在 InterSystems.Data.CacheClient.CacheDataReader.GetValue(Int32 i)
   在 InterSystems.Data.CacheClient.CacheDataReader.get_Item(String value)
   在 MSRestful.DataMethod.DeliverInfoMethod.OdTrnOrderingSurgeryGetSurgeriesInfo(DataConnection pclsCache, String SurgeryRoom1, String SurgeryRoom2, String SurgeryDateTime, String SurgeryDeptCode) 位置 e:\Program\task\MSRestful\MSRestful\DataMethod\DeliverInfoMethod.cs:行号 220
